{"message":"Not found.","context":{},"level":100,"level_name":"DEBUG","channel":"paymentAPI","datetime":"2023-10-21T19:23:14.509726+00:00","extra":{}}
{"message":"Not found.","context":{},"level":100,"level_name":"DEBUG","channel":"paymentAPI","datetime":"2023-10-21T19:28:08.600799+00:00","extra":{}}
{"message":"Not found.","context":{},"level":100,"level_name":"DEBUG","channel":"paymentAPI","datetime":"2023-10-21T19:28:37.038997+00:00","extra":{}}
{"message":"Not found.","context":{},"level":100,"level_name":"DEBUG","channel":"paymentAPI","datetime":"2023-10-21T19:33:37.600662+00:00","extra":{}}
{"message":"Methods list retrieved.","context":{},"level":200,"level_name":"INFO","channel":"paymentAPI","datetime":"2023-10-21T19:36:09.772829+00:00","extra":{}}
{"message":"Not found.","context":{},"level":100,"level_name":"DEBUG","channel":"paymentAPI","datetime":"2023-10-21T19:36:43.478961+00:00","extra":{}}
{"message":"No methods found.","context":{},"level":200,"level_name":"INFO","channel":"paymentAPI","datetime":"2023-10-21T19:42:35.837332+00:00","extra":{}}
{"message":"Not found.","context":{},"level":100,"level_name":"DEBUG","channel":"paymentAPI","datetime":"2023-10-21T19:43:05.545983+00:00","extra":{}}
{"message":"No methods found.","context":{},"level":200,"level_name":"INFO","channel":"paymentAPI","datetime":"2023-10-21T19:43:34.714933+00:00","extra":{}}
{"message":"Not found.","context":{},"level":100,"level_name":"DEBUG","channel":"paymentAPI","datetime":"2023-10-21T19:43:47.507070+00:00","extra":{}}
{"message":"No methods found.","context":{"status_code":404},"level":200,"level_name":"INFO","channel":"paymentAPI","datetime":"2023-10-21T19:50:42.350312+00:00","extra":{}}
{"message":"Not found.","context":{},"level":100,"level_name":"DEBUG","channel":"paymentAPI","datetime":"2023-10-21T19:51:12.470321+00:00","extra":{}}
{"message":"Method created.","context":{"method_id":1},"level":200,"level_name":"INFO","channel":"paymentAPI","datetime":"2023-10-21T21:27:48.001596+00:00","extra":{}}
{"message":"Error creating method: An exception occurred while executing a query: SQLSTATE[23000]: Integrity constraint violation: 1062 Duplicate entry 'Credit Card' for key 'UNIQ_56E2F7695E237E06'","context":{},"level":400,"level_name":"ERROR","channel":"paymentAPI","datetime":"2023-10-21T21:29:51.461580+00:00","extra":{}}
{"message":"Not found.","context":{},"level":100,"level_name":"DEBUG","channel":"paymentAPI","datetime":"2023-10-21T21:29:56.374736+00:00","extra":{}}
{"message":"Methods list retrieved.","context":{"status_code":200},"level":200,"level_name":"INFO","channel":"paymentAPI","datetime":"2023-10-21T21:30:13.742691+00:00","extra":{}}
{"message":"Not found.","context":{},"level":100,"level_name":"DEBUG","channel":"paymentAPI","datetime":"2023-10-21T21:30:31.263571+00:00","extra":{}}
{"message":"Method created.","context":{"method_id":3},"level":200,"level_name":"INFO","channel":"paymentAPI","datetime":"2023-10-21T21:43:16.639257+00:00","extra":{}}
{"message":"Methods list retrieved.","context":{"status_code":200},"level":200,"level_name":"INFO","channel":"paymentAPI","datetime":"2023-10-21T21:44:55.678437+00:00","extra":{}}
{"message":"Not found.","context":{},"level":100,"level_name":"DEBUG","channel":"paymentAPI","datetime":"2023-10-21T21:45:32.883849+00:00","extra":{}}
{"message":"Payment Method deleted.","context":{"statusCode":200},"level":200,"level_name":"INFO","channel":"paymentAPI","datetime":"2023-10-21T22:03:14.703917+00:00","extra":{}}
{"message":"Not found.","context":{},"level":100,"level_name":"DEBUG","channel":"paymentAPI","datetime":"2023-10-21T22:03:54.769530+00:00","extra":{}}
{"message":"Payment Method Not Found.","context":{"statusCode":404},"level":200,"level_name":"INFO","channel":"paymentAPI","datetime":"2023-10-21T22:03:56.758418+00:00","extra":{}}
{"message":"Payment Methods list retrieved.","context":{"status_code":200},"level":200,"level_name":"INFO","channel":"paymentAPI","datetime":"2023-10-21T22:04:14.569304+00:00","extra":{}}
{"message":"Not found.","context":{},"level":100,"level_name":"DEBUG","channel":"paymentAPI","datetime":"2023-10-21T22:04:35.787491+00:00","extra":{}}
{"message":"Payment Method created.","context":{"method_id":4},"level":200,"level_name":"INFO","channel":"paymentAPI","datetime":"2023-10-21T22:06:49.524066+00:00","extra":{}}
{"message":"Payment Methods list retrieved.","context":{"status_code":200},"level":200,"level_name":"INFO","channel":"paymentAPI","datetime":"2023-10-21T22:07:46.329114+00:00","extra":{}}
{"message":"Not found.","context":{},"level":100,"level_name":"DEBUG","channel":"paymentAPI","datetime":"2023-10-21T22:08:02.661351+00:00","extra":{}}
{"message":"Payment Method Deactivated.","context":{"statusCode":200},"level":200,"level_name":"INFO","channel":"paymentAPI","datetime":"2023-10-21T22:12:55.311721+00:00","extra":{}}
{"message":"Not found.","context":{},"level":100,"level_name":"DEBUG","channel":"paymentAPI","datetime":"2023-10-21T22:13:22.596023+00:00","extra":{}}
{"message":"Payment Methods list retrieved.","context":{"status_code":200},"level":200,"level_name":"INFO","channel":"paymentAPI","datetime":"2023-10-21T22:13:59.430862+00:00","extra":{}}
{"message":"Not found.","context":{},"level":100,"level_name":"DEBUG","channel":"paymentAPI","datetime":"2023-10-21T22:14:12.144644+00:00","extra":{}}
{"message":"Payment Method Deactivated.","context":{"statusCode":200},"level":200,"level_name":"INFO","channel":"paymentAPI","datetime":"2023-10-21T22:16:09.548262+00:00","extra":{}}
{"message":"Not found.","context":{},"level":100,"level_name":"DEBUG","channel":"paymentAPI","datetime":"2023-10-21T22:16:41.050626+00:00","extra":{}}
{"message":"Payment Method Deactivated.","context":{"statusCode":200},"level":200,"level_name":"INFO","channel":"paymentAPI","datetime":"2023-10-21T22:17:48.915181+00:00","extra":{}}
{"message":"Payment Method Deactivated.","context":{"statusCode":200},"level":200,"level_name":"INFO","channel":"paymentAPI","datetime":"2023-10-21T22:17:58.346075+00:00","extra":{}}
{"message":"Not found.","context":{},"level":100,"level_name":"DEBUG","channel":"paymentAPI","datetime":"2023-10-21T22:18:17.291473+00:00","extra":{}}
{"message":"Payment Method Deactivated.","context":{"statusCode":200},"level":200,"level_name":"INFO","channel":"paymentAPI","datetime":"2023-10-21T22:21:21.572753+00:00","extra":{}}
{"message":"Not found.","context":{},"level":100,"level_name":"DEBUG","channel":"paymentAPI","datetime":"2023-10-21T22:21:51.726030+00:00","extra":{}}
{"message":"Payment Methods list retrieved.","context":{"status_code":200},"level":200,"level_name":"INFO","channel":"paymentAPI","datetime":"2023-10-21T22:22:48.899004+00:00","extra":{}}
{"message":"Not found.","context":{},"level":100,"level_name":"DEBUG","channel":"paymentAPI","datetime":"2023-10-21T22:23:05.955893+00:00","extra":{}}
{"message":"Payment Methods list retrieved.","context":{"status_code":200},"level":200,"level_name":"INFO","channel":"paymentAPI","datetime":"2023-10-21T22:23:31.321234+00:00","extra":{}}
{"message":"Not found.","context":{},"level":100,"level_name":"DEBUG","channel":"paymentAPI","datetime":"2023-10-21T22:23:47.500645+00:00","extra":{}}
{"message":"Payment Method Reactivated.","context":{"statusCode":200},"level":200,"level_name":"INFO","channel":"paymentAPI","datetime":"2023-10-21T22:25:25.725896+00:00","extra":{}}
