
{"message":"Method created.","context":{"method_id":1},"level":200,"level_name":"INFO","channel":"paymentAPI","datetime":"2023-10-21T21:27:48.001596+00:00","extra":{}}
{"message":"Error creating method: An exception occurred while executing a query: SQLSTATE[23000]: Integrity constraint violation: 1062 Duplicate entry 'Credit Card' for key 'UNIQ_56E2F7695E237E06'","context":{},"level":400,"level_name":"ERROR","channel":"paymentAPI","datetime":"2023-10-21T21:29:51.461580+00:00","extra":{}}
{"message":"Methods list retrieved.","context":{"status_code":200},"level":200,"level_name":"INFO","channel":"paymentAPI","datetime":"2023-10-21T21:30:13.742691+00:00","extra":{}}
{"message":"Method created.","context":{"method_id":3},"level":200,"level_name":"INFO","channel":"paymentAPI","datetime":"2023-10-21T21:43:16.639257+00:00","extra":{}}
{"message":"Methods list retrieved.","context":{"status_code":200},"level":200,"level_name":"INFO","channel":"paymentAPI","datetime":"2023-10-21T21:44:55.678437+00:00","extra":{}}
{"message":"Payment Method deleted.","context":{"statusCode":200},"level":200,"level_name":"INFO","channel":"paymentAPI","datetime":"2023-10-21T22:03:14.703917+00:00","extra":{}}
{"message":"Payment Method Not Found.","context":{"statusCode":404},"level":200,"level_name":"INFO","channel":"paymentAPI","datetime":"2023-10-21T22:03:56.758418+00:00","extra":{}}
{"message":"Payment Methods list retrieved.","context":{"status_code":200},"level":200,"level_name":"INFO","channel":"paymentAPI","datetime":"2023-10-21T22:04:14.569304+00:00","extra":{}}
{"message":"Payment Method created.","context":{"method_id":4},"level":200,"level_name":"INFO","channel":"paymentAPI","datetime":"2023-10-21T22:06:49.524066+00:00","extra":{}}
{"message":"Payment Methods list retrieved.","context":{"status_code":200},"level":200,"level_name":"INFO","channel":"paymentAPI","datetime":"2023-10-21T22:07:46.329114+00:00","extra":{}}
{"message":"Payment Method Deactivated.","context":{"statusCode":200},"level":200,"level_name":"INFO","channel":"paymentAPI","datetime":"2023-10-21T22:12:55.311721+00:00","extra":{}}
{"message":"Payment Methods list retrieved.","context":{"status_code":200},"level":200,"level_name":"INFO","channel":"paymentAPI","datetime":"2023-10-21T22:13:59.430862+00:00","extra":{}}
{"message":"Payment Method Deactivated.","context":{"statusCode":200},"level":200,"level_name":"INFO","channel":"paymentAPI","datetime":"2023-10-21T22:16:09.548262+00:00","extra":{}}
{"message":"Payment Method Deactivated.","context":{"statusCode":200},"level":200,"level_name":"INFO","channel":"paymentAPI","datetime":"2023-10-21T22:17:48.915181+00:00","extra":{}}
{"message":"Payment Method Deactivated.","context":{"statusCode":200},"level":200,"level_name":"INFO","channel":"paymentAPI","datetime":"2023-10-21T22:17:58.346075+00:00","extra":{}}
{"message":"Payment Method Deactivated.","context":{"statusCode":200},"level":200,"level_name":"INFO","channel":"paymentAPI","datetime":"2023-10-21T22:21:21.572753+00:00","extra":{}}
{"message":"Payment Methods list retrieved.","context":{"status_code":200},"level":200,"level_name":"INFO","channel":"paymentAPI","datetime":"2023-10-21T22:22:48.899004+00:00","extra":{}}
{"message":"Payment Methods list retrieved.","context":{"status_code":200},"level":200,"level_name":"INFO","channel":"paymentAPI","datetime":"2023-10-21T22:23:31.321234+00:00","extra":{}}
{"message":"Payment Method Reactivated.","context":{"statusCode":200},"level":200,"level_name":"INFO","channel":"paymentAPI","datetime":"2023-10-21T22:25:25.725896+00:00","extra":{}}
{"message":"Payment Method Updated.","context":{"statusCode":200},"level":200,"level_name":"INFO","channel":"paymentAPI","datetime":"2023-10-21T22:41:58.404440+00:00","extra":{}}
{"message":"Payment Method Not Found.","context":{"statusCode":404},"level":200,"level_name":"INFO","channel":"paymentAPI","datetime":"2023-10-21T22:42:51.076456+00:00","extra":{}}
{"message":"Payment Method Reactivated.","context":{"statusCode":200},"level":200,"level_name":"INFO","channel":"paymentAPI","datetime":"2023-10-23T16:42:55.375685+00:00","extra":{}}
{"message":"Payment Method Reactivated.","context":{"statusCode":200},"level":200,"level_name":"INFO","channel":"paymentAPI","datetime":"2023-10-23T16:56:41.526258+00:00","extra":{}}
{"message":"Payment Methods list retrieved.","context":{"status_code":200},"level":200,"level_name":"INFO","channel":"paymentAPI","datetime":"2023-10-23T17:11:27.370687+00:00","extra":{}}
{"message":"Payment Methods list retrieved.","context":{"status_code":200},"level":200,"level_name":"INFO","channel":"paymentAPI","datetime":"2023-10-25T16:27:37.343378+00:00","extra":{}}
{"message":"No customer found.","context":{"status_code":404},"level":200,"level_name":"INFO","channel":"paymentAPI","datetime":"2023-10-25T17:19:30.698405+00:00","extra":{}}
{"message":"Invalid Data.","context":{"statusCode":404},"level":200,"level_name":"INFO","channel":"paymentAPI","datetime":"2023-10-25T17:33:16.130780+00:00","extra":{}}
{"message":"Invalid Data.","context":{"statusCode":404},"level":200,"level_name":"INFO","channel":"paymentAPI","datetime":"2023-10-25T17:36:46.859852+00:00","extra":{}}
{"message":"Invalid Data.","context":{"statusCode":404},"level":200,"level_name":"INFO","channel":"paymentAPI","datetime":"2023-10-25T17:38:17.135654+00:00","extra":{}}
{"message":"Customer created.","context":{"customer_id":1},"level":200,"level_name":"INFO","channel":"paymentAPI","datetime":"2023-10-25T17:52:03.053665+00:00","extra":{}}
{"message":"Customer created.","context":{"customer_id":2},"level":200,"level_name":"INFO","channel":"paymentAPI","datetime":"2023-10-25T17:53:58.589544+00:00","extra":{}}
{"message":"Customer created.","context":{"customer_id":3},"level":200,"level_name":"INFO","channel":"paymentAPI","datetime":"2023-10-25T18:00:23.703159+00:00","extra":{}}
{"message":"Customer created.","context":{"customer_id":4},"level":200,"level_name":"INFO","channel":"paymentAPI","datetime":"2023-10-25T18:01:40.267176+00:00","extra":{}}
{"message":"Customer deleted.","context":{"statusCode":200},"level":200,"level_name":"INFO","channel":"paymentAPI","datetime":"2023-10-25T18:14:43.534892+00:00","extra":{}}
{"message":"Customer Deactivated.","context":{"statusCode":200},"level":200,"level_name":"INFO","channel":"paymentAPI","datetime":"2023-10-25T18:23:21.408094+00:00","extra":{}}
{"message":"Customer Reactivated.","context":{"statusCode":200},"level":200,"level_name":"INFO","channel":"paymentAPI","datetime":"2023-10-25T18:30:56.070744+00:00","extra":{}}
